Jun 24 15:36:21 detox[94035] TRACE: [DETOX_CREATE] created a Detox instance with config:
{
  appsConfig: {
    default: {
      type: 'android.apk',
      binaryPath: 'android/app/build/outputs/apk/debug/app-debug.apk',
      testBinaryPath: 'android/app/build/outputs/apk/androidTest/debug/app-debug-androidTest.apk',
      build: 'cd android && ./gradlew assembleRelease assembleAndroidTest -DtestBuildType=debug && cd ..'
    }
  },
  artifactsConfig: {
    rootDir: 'artifacts/android.debug.2022-06-24 13-36-20Z',
    plugins: {
      log: {
        enabled: true,
        keepOnlyFailedTestsArtifacts: false
      },
      screenshot: {
        enabled: true,
        shouldTakeAutomaticSnapshots: false,
        keepOnlyFailedTestsArtifacts: false
      },
      video: {
        enabled: false,
        keepOnlyFailedTestsArtifacts: false
      },
      instruments: {
        enabled: false,
        keepOnlyFailedTestsArtifacts: false
      },
      timeline: {
        enabled: false
      },
      uiHierarchy: {
        enabled: false,
        keepOnlyFailedTestsArtifacts: false
      }
    },
    pathBuilder: ArtifactPathBuilder {
      _rootDir: 'artifacts/android.debug.2022-06-24 13-36-20Z'
    }
  },
  behaviorConfig: {
    init: {
      reinstallApp: true,
      exposeGlobals: true
    },
    cleanup: {
      shutdownDevice: true
    },
    launchApp: 'auto'
  },
  cliConfig: {
    recordLogs: 'all',
    cleanup: true,
    configuration: 'android.debug',
    loglevel: 'trace',
    useCustomLogger: true
  },
  configurationName: 'android.debug',
  deviceConfig: {
    type: 'android.emulator',
    device: {
      avdName: 'Android_API_33'
    }
  },
  runnerConfig: {
    testRunner: 'jest',
    runnerConfig: './e2e/config.json',
    specs: 'e2e',
    skipLegacyWorkersInjection: true
  },
  sessionConfig: {
    autoStart: true,
    sessionId: '4c826b30-e9bd-71cd-99ec-be5012d9a66c',
    debugSynchronization: 10000
  }
}
Jun 24 15:36:21 detox[94035] DEBUG: [WSS_CREATE] Detox server listening on localhost:49357...
Jun 24 15:36:21 detox[94035] DEBUG: [WSS_CONNECTION, #49358] registered a new connection.
Jun 24 15:36:21 detox[94035] TRACE: [WS_OPEN] opened web socket to: ws://localhost:49357
Jun 24 15:36:21 detox[94035] TRACE: [WS_SEND] {"type":"login","params":{"sessionId":"4c826b30-e9bd-71cd-99ec-be5012d9a66c","role":"tester"},"messageId":0}
Jun 24 15:36:21 detox[94035] TRACE: [WSS_GET_FROM, #49358] {"type":"login","params":{"sessionId":"4c826b30-e9bd-71cd-99ec-be5012d9a66c","role":"tester"},"messageId":0}
Jun 24 15:36:21 detox[94035] TRACE: [SESSION_CREATED] created session 4c826b30-e9bd-71cd-99ec-be5012d9a66c
Jun 24 15:36:21 detox[94035] TRACE: [WSS_SEND_TO, #tester] {"type":"loginSuccess","params":{"testerConnected":true,"appConnected":false},"messageId":0}
Jun 24 15:36:21 detox[94035] TRACE: [SESSION_JOINED] tester joined session 4c826b30-e9bd-71cd-99ec-be5012d9a66c
Jun 24 15:36:21 detox[94035] TRACE: [WS_MESSAGE] {"type":"loginSuccess","params":{"testerConnected":true,"appConnected":false},"messageId":0}
 
Jun 24 15:36:21 detox[94035] DEBUG: [EXEC_CMD, #0] "/Users/jason/Library/Android/sdk/emulator/emulator" -list-avds --verbose
Jun 24 15:36:21 detox[94035] TRACE: [EXEC_SUCCESS, #0] Android_API_33
Pixel_4_API_30

Jun 24 15:36:21 detox[94035] DEBUG: [EXEC_CMD, #1] "/Users/jason/Library/Android/sdk/emulator/emulator" -version 
Jun 24 15:36:22 detox[94035] TRACE: [EXEC_SUCCESS, #1] Android emulator version 31.2.10.0 (build_id 8420304) (CL:N/A)
Copyright (C) 2006-2017 The Android Open Source Project and many others.
This program is a derivative of the QEMU CPU emulator (www.qemu.org).

  This software is licensed under the terms of the GNU General Public
  License version 2, as published by the Free Software Foundation, and
  may be copied, distributed, and modified under those terms.

  This program is distributed in the hope that it will be useful,
  but WITHOUT ANY WARRANTY; without even the implied warranty of
  MERCHANTABILITY or FITNESS FOR A PARTICULAR PURPOSE.  See the
  GNU General Public License for more details.


Jun 24 15:36:22 detox[94035] DEBUG: [EMU_BIN_VERSION_DETECT] Detected emulator binary version { major: 31, minor: 2, patch: 10, toString: [Function: toString] }
Jun 24 15:36:22 detox[94035] DEBUG: [ALLOCATE_DEVICE] Trying to allocate a device based on "Android_API_33"
Jun 24 15:36:22 detox[94035] DEBUG: [EXEC_CMD, #2] "/Users/jason/Library/Android/sdk/platform-tools/adb"  devices
Jun 24 15:36:22 detox[94035] DEBUG: [EXEC_SUCCESS, #2] List of devices attached
emulator-16024	device


Jun 24 15:36:22 detox[94035] TRACE: [TELNET_CONNECTING] port: 16024, host: localhost
Jun 24 15:36:22 detox[94035] DEBUG: [DEVICE_LOOKUP] Found a matching & free device emulator-16024
Jun 24 15:36:22 detox[94035] DEBUG: [ALLOCATE_DEVICE] Settled on emulator-16024
Jun 24 15:36:22 detox[94035] DEBUG: [EXEC_CMD, #3] "/Users/jason/Library/Android/sdk/platform-tools/adb" -s emulator-16024 shell "getprop dev.bootcomplete"
Jun 24 15:36:22 detox[94035] TRACE: [EXEC_SUCCESS, #3] 1

Jun 24 15:36:22 detox[94035] TRACE: [ARTIFACTS_LIFECYCLE] artifactsManager.onBootDevice({ deviceId: 'emulator-16024', type: 'Android_API_33', coldBoot: false })
Jun 24 15:36:22 detox[94035] DEBUG: [EXEC_CMD, #4] "/Users/jason/Library/Android/sdk/platform-tools/adb" -s emulator-16024 shell "getprop ro.build.version.sdk"
Jun 24 15:36:22 detox[94035] TRACE: [EXEC_SUCCESS, #4] 33

Jun 24 15:36:22 detox[94035] DEBUG: [EXEC_CMD, #5] "/Users/jason/Library/Android/sdk/platform-tools/adb" -s emulator-16024 shell "settings put global animator_duration_scale 0"
Jun 24 15:36:23 detox[94035] TRACE: [EXEC_SUCCESS, #5] 
Jun 24 15:36:23 detox[94035] DEBUG: [EXEC_CMD, #6] "/Users/jason/Library/Android/sdk/platform-tools/adb" -s emulator-16024 shell "settings put global window_animation_scale 0"
Jun 24 15:36:23 detox[94035] TRACE: [EXEC_SUCCESS, #6] 
Jun 24 15:36:23 detox[94035] DEBUG: [EXEC_CMD, #7] "/Users/jason/Library/Android/sdk/platform-tools/adb" -s emulator-16024 shell "settings put global transition_animation_scale 0"
Jun 24 15:36:23 detox[94035] TRACE: [EXEC_SUCCESS, #7] 
Jun 24 15:36:23 detox[94035] DEBUG: [EXEC_CMD, #8] "/Users/jason/Library/Android/sdk/platform-tools/adb" -s emulator-16024 shell "dumpsys power | grep \"^[ ]*m[UW].*=\""
Jun 24 15:36:24 detox[94035] TRACE: [EXEC_SUCCESS, #8]   mWakefulness=Awake
  mWakefulnessChanging=false
  mWakeLockSummary=0x0
  mWakeUpWhenPluggedOrUnpluggedConfig=false
  mWakeUpWhenPluggedOrUnpluggedInTheaterModeConfig=false
  mUserActivityTimeoutOverrideFromWindowManager=-1
  mUserInactiveOverrideFromWindowManager=false
  mUserId=0

Jun 24 15:36:24 detox[94035] DEBUG: [EXEC_CMD, #9] "/Users/jason/Library/Android/sdk/build-tools/31.0.0/aapt" dump badging "/Users/jason/Documents/Repositories/react-native-ldk/example/android/app/build/outputs/apk/debug/app-debug.apk"
Jun 24 15:36:24 detox[94035] TRACE: [EXEC_SUCCESS, #9] package: name='com.example' versionCode='1' versionName='1.0' compileSdkVersion='31' compileSdkVersionCodename='12'
sdkVersion:'24'
targetSdkVersion:'31'
uses-permission: name='android.permission.SYSTEM_ALERT_WINDOW'
uses-permission: name='android.permission.INTERNET'
uses-permission: name='android.permission.ACCESS_WIFI_STATE'
application-label:'example'
application-label-af:'example'
application-label-am:'example'
application-label-ar:'example'
application-label-as:'example'
application-label-az:'example'
application-label-be:'example'
application-label-bg:'example'
application-label-bn:'example'
application-label-bs:'example'
application-label-ca:'example'
application-label-cs:'example'
application-label-da:'example'
application-label-de:'example'
application-label-el:'example'
application-label-en-AU:'example'
application-label-en-CA:'example'
application-label-en-GB:'example'
application-label-en-IN:'example'
application-label-en-XC:'example'
application-label-es:'example'
application-label-es-US:'example'
application-label-et:'example'
application-label-eu:'example'
application-label-fa:'example'
application-label-fi:'example'
application-label-fr:'example'
application-label-fr-CA:'example'
application-label-gl:'example'
application-label-gu:'example'
application-label-hi:'example'
application-label-hr:'example'
application-label-hu:'example'
application-label-hy:'example'
application-label-in:'example'
application-label-is:'example'
application-label-it:'example'
application-label-iw:'example'
application-label-ja:'example'
application-label-ka:'example'
application-label-kk:'example'
application-label-km:'example'
application-label-kn:'example'
application-label-ko:'example'
application-label-ky:'example'
application-label-lo:'example'
application-label-lt:'example'
application-label-lv:'example'
application-label-mk:'example'
application-label-ml:'example'
application-label-mn:'example'
application-label-mr:'example'
application-label-ms:'example'
application-label-my:'example'
application-label-nb:'example'
application-label-ne:'example'
application-label-nl:'example'
application-label-or:'example'
application-label-pa:'example'
application-label-pl:'example'
application-label-pt:'example'
application-label-pt-BR:'example'
application-label-pt-PT:'example'
application-label-ro:'example'
application-label-ru:'example'
application-label-si:'example'
application-label-sk:'example'
application-label-sl:'example'
application-label-sq:'example'
application-label-sr:'example'
application-label-sr-Latn:'example'
application-label-sv:'example'
application-label-sw:'example'
application-label-ta:'example'
application-label-te:'example'
application-label-th:'example'
application-label-tl:'example'
application-label-tr:'example'
application-label-uk:'example'
application-label-ur:'example'
application-label-uz:'example'
application-label-vi:'example'
application-label-zh-CN:'example'
application-label-zh-HK:'example'
application-label-zh-TW:'example'
application-label-zu:'example'
application-icon-160:'res/mipmap-mdpi-v4/ic_launcher.png'
application-icon-240:'res/mipmap-hdpi-v4/ic_launcher.png'
application-icon-320:'res/mipmap-xhdpi-v4/ic_launcher.png'
application-icon-480:'res/mipmap-xxhdpi-v4/ic_launcher.png'
application-icon-640:'res/mipmap-xxxhdpi-v4/ic_launcher.png'
application: label='example' icon='res/mipmap-mdpi-v4/ic_launcher.png'
application-debuggable
launchable-activity: name='com.example.MainActivity'  label='example' icon=''
feature-group: label=''
  uses-feature: name='android.hardware.faketouch'
  uses-implied-feature: name='android.hardware.faketouch' reason='default feature for all apps'
  uses-feature: name='android.hardware.wifi'
  uses-implied-feature: name='android.hardware.wifi' reason='requested android.permission.ACCESS_WIFI_STATE permission'
main
other-activities
supports-screens: 'small' 'normal' 'large' 'xlarge'
supports-any-density: 'true'
locales: '--_--' 'af' 'am' 'ar' 'as' 'az' 'be' 'bg' 'bn' 'bs' 'ca' 'cs' 'da' 'de' 'el' 'en-AU' 'en-CA' 'en-GB' 'en-IN' 'en-XC' 'es' 'es-US' 'et' 'eu' 'fa' 'fi' 'fr' 'fr-CA' 'gl' 'gu' 'hi' 'hr' 'hu' 'hy' 'in' 'is' 'it' 'iw' 'ja' 'ka' 'kk' 'km' 'kn' 'ko' 'ky' 'lo' 'lt' 'lv' 'mk' 'ml' 'mn' 'mr' 'ms' 'my' 'nb' 'ne' 'nl' 'or' 'pa' 'pl' 'pt' 'pt-BR' 'pt-PT' 'ro' 'ru' 'si' 'sk' 'sl' 'sq' 'sr' 'sr-Latn' 'sv' 'sw' 'ta' 'te' 'th' 'tl' 'tr' 'uk' 'ur' 'uz' 'vi' 'zh-CN' 'zh-HK' 'zh-TW' 'zu'
densities: '160' '240' '320' '480' '640'
native-code: 'arm64-v8a' 'armeabi-v7a' 'x86' 'x86_64'

Jun 24 15:36:24 detox[94035] TRACE: [ARTIFACTS_LIFECYCLE] artifactsManager.onBeforeTerminateApp({ deviceId: 'emulator-16024', bundleId: 'com.example' })
Jun 24 15:36:24 detox[94035] DEBUG: [EXEC_CMD, #10] "/Users/jason/Library/Android/sdk/platform-tools/adb" -s emulator-16024 shell "am force-stop com.example"
Jun 24 15:36:24 detox[94035] TRACE: [EXEC_SUCCESS, #10] 
Jun 24 15:36:24 detox[94035] TRACE: [ARTIFACTS_LIFECYCLE] artifactsManager.onTerminateApp({ deviceId: 'emulator-16024', bundleId: 'com.example' })
Jun 24 15:36:24 detox[94035] TRACE: [ARTIFACTS_LIFECYCLE] artifactsManager.onBeforeUninstallApp({ deviceId: 'emulator-16024', bundleId: 'com.example' })
Jun 24 15:36:24 detox[94035] DEBUG: [EXEC_CMD, #11] "/Users/jason/Library/Android/sdk/platform-tools/adb" -s emulator-16024 shell "pm list packages com.example"
Jun 24 15:36:24 detox[94035] TRACE: [EXEC_SUCCESS, #11] 
Jun 24 15:36:24 detox[94035] DEBUG: [EXEC_CMD, #12] "/Users/jason/Library/Android/sdk/platform-tools/adb" -s emulator-16024 shell "pm list packages com.example.test"
Jun 24 15:36:24 detox[94035] TRACE: [EXEC_SUCCESS, #12] 
Jun 24 15:36:24 detox[94035] TRACE: [ARTIFACTS_LIFECYCLE] artifactsManager.onBeforeTerminateApp({ deviceId: 'emulator-16024', bundleId: 'com.example' })
Jun 24 15:36:24 detox[94035] DEBUG: [EXEC_CMD, #13] "/Users/jason/Library/Android/sdk/platform-tools/adb" -s emulator-16024 shell "am force-stop com.example"
Jun 24 15:36:24 detox[94035] TRACE: [EXEC_SUCCESS, #13] 
Jun 24 15:36:24 detox[94035] TRACE: [ARTIFACTS_LIFECYCLE] artifactsManager.onTerminateApp({ deviceId: 'emulator-16024', bundleId: 'com.example' })
Jun 24 15:36:24 detox[94035] DEBUG: [EXEC_CMD, #14] "/Users/jason/Library/Android/sdk/build-tools/31.0.0/aapt" dump xmlstrings "/Users/jason/Documents/Repositories/react-native-ldk/example/android/app/build/outputs/apk/debug/app-debug.apk" AndroidManifest.xml
Jun 24 15:36:24 detox[94035] TRACE: [EXEC_SUCCESS, #14] String pool of 55 unique UTF-16 non-sorted strings, 55 entries and 0 styles using 2404 bytes:
String #0: theme
String #1: label
String #2: icon
String #3: name
String #4: debuggable
String #5: exported
String #6: authorities
String #7: launchMode
String #8: configChanges
String #9: value
String #10: minSdkVersion
String #11: versionCode
String #12: versionName
String #13: windowSoftInputMode
String #14: targetSdkVersion
String #15: allowBackup
String #16: extractNativeLibs
String #17: usesCleartextTraffic
String #18: networkSecurityConfig
String #19: roundIcon
String #20: compileSdkVersion
String #21: compileSdkVersionCodename
String #22: appComponentFactory
String #23: 1.0
String #24: 12
String #25: action
String #26: activity
String #27: android
String #28: android.intent.action.MAIN
String #29: android.intent.category.LAUNCHER
String #30: android.permission.ACCESS_WIFI_STATE
String #31: android.permission.INTERNET
String #32: android.permission.SYSTEM_ALERT_WINDOW
String #33: androidx.core.app.CoreComponentFactory
String #34: androidx.emoji2.text.EmojiCompatInitializer
String #35: androidx.lifecycle.ProcessLifecycleInitializer
String #36: androidx.startup
String #37: androidx.startup.InitializationProvider
String #38: application
String #39: category
String #40: com.example
String #41: com.example.MainActivity
String #42: com.example.MainApplication
String #43: com.example.androidx-startup
String #44: com.facebook.react.devsupport.DevSettingsActivity
String #45: http://schemas.android.com/apk/res/android
String #46: intent-filter
String #47: manifest
String #48: meta-data
String #49: package
String #50: platformBuildVersionCode
String #51: platformBuildVersionName
String #52: provider
String #53: uses-permission
String #54: uses-sdk

Jun 24 15:36:24 detox[94035] DEBUG: [EXEC_CMD, #15] "/Users/jason/Library/Android/sdk/build-tools/31.0.0/aapt" dump xmlstrings "/Users/jason/Documents/Repositories/react-native-ldk/example/android/app/build/outputs/apk/androidTest/debug/app-debug-androidTest.apk" AndroidManifest.xml
Jun 24 15:36:24 detox[94035] TRACE: [EXEC_SUCCESS, #15] String pool of 42 unique UTF-16 non-sorted strings, 42 entries and 0 styles using 2052 bytes:
String #0: theme
String #1: label
String #2: name
String #3: debuggable
String #4: exported
String #5: targetPackage
String #6: handleProfiling
String #7: functionalTest
String #8: minSdkVersion
String #9: targetSdkVersion
String #10: extractNativeLibs
String #11: compileSdkVersion
String #12: compileSdkVersionCodename
String #13: 12
String #14: Tests for com.example
String #15: action
String #16: activity
String #17: android
String #18: android.intent.action.MAIN
String #19: android.permission.REORDER_TASKS
String #20: android.test.runner
String #21: androidx.test.core.app.InstrumentationActivityInvoker$BootstrapActivity
String #22: androidx.test.core.app.InstrumentationActivityInvoker$EmptyActivity
String #23: androidx.test.core.app.InstrumentationActivityInvoker$EmptyFloatingActivity
String #24: androidx.test.orchestrator
String #25: androidx.test.runner.AndroidJUnitRunner
String #26: androidx.test.services
String #27: application
String #28: com.example
String #29: com.example.test
String #30: com.google.android.apps.common.testing.services
String #31: http://schemas.android.com/apk/res/android
String #32: instrumentation
String #33: intent-filter
String #34: manifest
String #35: package
String #36: platformBuildVersionCode
String #37: platformBuildVersionName
String #38: queries
String #39: uses-library
String #40: uses-permission
String #41: uses-sdk

Jun 24 15:36:24 detox[94035] DEBUG: [EXEC_CMD, #16] "/Users/jason/Library/Android/sdk/platform-tools/adb" -s emulator-16024 shell "rm -fr /data/local/tmp/detox"
Jun 24 15:36:24 detox[94035] TRACE: [EXEC_SUCCESS, #16] 
Jun 24 15:36:24 detox[94035] DEBUG: [EXEC_CMD, #17] "/Users/jason/Library/Android/sdk/platform-tools/adb" -s emulator-16024 shell "mkdir -p /data/local/tmp/detox"
Jun 24 15:36:24 detox[94035] TRACE: [EXEC_SUCCESS, #17] 
Jun 24 15:36:24 detox[94035] DEBUG: [EXEC_CMD, #18] "/Users/jason/Library/Android/sdk/platform-tools/adb" -s emulator-16024 push "/Users/jason/Documents/Repositories/react-native-ldk/example/android/app/build/outputs/apk/debug/app-debug.apk" "/data/local/tmp/detox/Application.apk"
Jun 24 15:36:27 detox[94035] ERROR: [EXEC_FAIL, #18] ""/Users/jason/Library/Android/sdk/platform-tools/adb" -s emulator-16024 push "/Users/jason/Documents/Repositories/react-native-ldk/example/android/app/build/outputs/apk/debug/app-debug.apk" "/data/local/tmp/detox/Application.apk"" failed with error = ChildProcessError: Command failed: "/Users/jason/Library/Android/sdk/platform-tools/adb" -s emulator-16024 push "/Users/jason/Documents/Repositories/react-native-ldk/example/android/app/build/outputs/apk/debug/app-debug.apk" "/data/local/tmp/detox/Application.apk"
 `"/Users/jason/Library/Android/sdk/platform-tools/adb" -s emulator-16024 push "/Users/jason/Documents/Repositories/react-native-ldk/example/android/app/build/outputs/apk/debug/app-debug.apk" "/data/local/tmp/detox/Application.apk"` (exited with error code 1) (code=1), stdout and stderr:

Jun 24 15:36:27 detox[94035] ERROR: [EXEC_FAIL, #18] /Users/jason/Documents/Repositories/react-native-ldk/example/android/app/build/outputs/apk/debug/app-debug.apk: 1 file pushed, 0 skipped. 258.8 MB/s (116194896 bytes in 0.428s)
adb: error: failed to copy '/Users/jason/Documents/Repositories/react-native-ldk/example/android/app/build/outputs/apk/debug/app-debug.apk' to '/data/local/tmp/detox/Application.apk': remote write failed: No space left on device

Jun 24 15:36:27 detox[94035] ERROR: [EXEC_FAIL, #18] 
Jun 24 15:36:27 detox[94035] ERROR: Command failed: "/Users/jason/Library/Android/sdk/platform-tools/adb" -s emulator-16024 push "/Users/jason/Documents/Repositories/react-native-ldk/example/android/app/build/outputs/apk/debug/app-debug.apk" "/data/local/tmp/detox/Application.apk"
 `"/Users/jason/Library/Android/sdk/platform-tools/adb" -s emulator-16024 push "/Users/jason/Documents/Repositories/react-native-ldk/example/android/app/build/outputs/apk/debug/app-debug.apk" "/data/local/tmp/detox/Application.apk"` (exited with error code 1)
Jun 24 15:36:27 detox[94035] INFO:  [97mLDK integration test[39m is assigned to [91mundefined[39m
Jun 24 15:36:27 detox[94035] INFO:  [1m[37mLDK integration test: [39m[22m[90mshould have heading[39m
Jun 24 15:36:27 detox[94035] INFO:  [1m[37mLDK integration test: [39m[22m[90mshould have heading[39m[90m [[31mFAIL[90m][39m
Jun 24 15:36:27 detox[94035] INFO:  [1m[37mLDK integration test: [39m[22m[90mshould show "Node running" after tapping start[39m
Jun 24 15:36:27 detox[94035] INFO:  [1m[37mLDK integration test: [39m[22m[90mshould show "Node running" after tapping start[39m[90m [[31mFAIL[90m][39m
Jun 24 15:36:27 detox[94035] TRACE: [ARTIFACTS_LIFECYCLE] artifactsManager.onBeforeCleanup()
Jun 24 15:36:27 detox[94035] TRACE: [ARTIFACT_START] starting FileArtifact
Jun 24 15:36:27 detox[94035] TRACE: [ARTIFACT_STOP] stopping FileArtifact
Jun 24 15:36:27 detox[94035] TRACE: [ARTIFACT_SAVE] saving FileArtifact to: artifacts/android.debug.2022-06-24 13-36-20Z/detox_pid_94035.json.log { append: true }
Jun 24 15:36:27 detox[94035] TRACE: [ARTIFACT_START] starting FileArtifact
Jun 24 15:36:27 detox[94035] TRACE: [ARTIFACT_STOP] stopping FileArtifact
Jun 24 15:36:27 detox[94035] TRACE: [ARTIFACT_SAVE] saving FileArtifact to: artifacts/android.debug.2022-06-24 13-36-20Z/detox_pid_94035.log { append: true }
Jun 24 15:36:27 detox[94035] DEBUG: [MOVE_FILE] moving "/private/var/folders/f1/_ssby91d0gs8cn9l6ts2_tnr0000gn/T/e0216378-545d-4f8e-87b6-8b7d4da5ef1e.detox.log" to artifacts/android.debug.2022-06-24 13-36-20Z/detox_pid_94035.json.log
Jun 24 15:36:27 detox[94035] DEBUG: [MOVE_FILE] moving "/private/var/folders/f1/_ssby91d0gs8cn9l6ts2_tnr0000gn/T/07d07b1c-eb5f-4eaa-a558-6b7ada9eb3d6.detox.log" to artifacts/android.debug.2022-06-24 13-36-20Z/detox_pid_94035.log
Jun 24 15:36:27 detox[94035] DEBUG: [EXEC_CMD, #19] "/Users/jason/Library/Android/sdk/platform-tools/adb" -s emulator-16024 emu kill
Jun 24 15:36:27 detox[94035] TRACE: [SESSION_TORN] tester exited session 4c826b30-e9bd-71cd-99ec-be5012d9a66c
Jun 24 15:36:27 detox[94035] TRACE: [EXEC_SUCCESS, #19] OK: killing emulator, bye bye
OK

Jun 24 15:36:29 detox[94035] DEBUG: [EXEC_CMD, #20] "/Users/jason/Library/Android/sdk/platform-tools/adb" -s emulator-16024 get-state
Jun 24 15:36:29 detox[94035] TRACE: [EXEC_SUCCESS, #20] device

Jun 24 15:36:30 detox[94035] DEBUG: [EXEC_CMD, #21] "/Users/jason/Library/Android/sdk/platform-tools/adb" -s emulator-16024 get-state
Jun 24 15:36:31 detox[94035] DEBUG: [EXEC_FAIL, #21] ""/Users/jason/Library/Android/sdk/platform-tools/adb" -s emulator-16024 get-state" failed with error = ChildProcessError: Command failed: "/Users/jason/Library/Android/sdk/platform-tools/adb" -s emulator-16024 get-state
error: device 'emulator-16024' not found
 `"/Users/jason/Library/Android/sdk/platform-tools/adb" -s emulator-16024 get-state` (exited with error code 1) (code=1), stdout and stderr:

Jun 24 15:36:31 detox[94035] DEBUG: [EXEC_FAIL, #21] 
Jun 24 15:36:31 detox[94035] DEBUG: [EXEC_FAIL, #21] error: device 'emulator-16024' not found

Jun 24 15:36:31 detox[94035] DEBUG: [WSS_CLOSE] Detox server has been closed gracefully
