Arguments: 
  /Users/jason/.nvm/versions/node/v10.23.0/bin/node /usr/local/Cellar/yarn/1.22.10/libexec/bin/yarn.js install

PATH: 
  /Users/jason/.nvm/versions/node/v10.23.0/bin:/usr/local/bin:/usr/bin:/bin:/usr/sbin:/sbin:/Applications/VMware Fusion.app/Contents/Public:/usr/local/MacGPG2/bin:/Library/Apple/usr/bin:/Users/jason/.cargo/bin

Yarn version: 
  1.22.10

Node version: 
  10.23.0

Platform: 
  darwin x64

Trace: 
  SyntaxError: /Users/jason/Documents/Repositories/react-native-lightning/package.json: Unexpected token } in JSON at position 1398
      at JSON.parse (<anonymous>)
      at /usr/local/Cellar/yarn/1.22.10/libexec/lib/cli.js:1625:59
      at Generator.next (<anonymous>)
      at step (/usr/local/Cellar/yarn/1.22.10/libexec/lib/cli.js:310:30)
      at /usr/local/Cellar/yarn/1.22.10/libexec/lib/cli.js:321:13

npm manifest: 
  {
    "name": "react-native-lightning",
    "title": "React Native Lightning",
    "version": "1.0.0",
    "description": "TODO",
    "main": "index.js",
    "files": [
      "README.md",
      "android",
      "index.js",
      "ios",
      "react-native-lightning.podspec"
    ],
    "scripts": {
      "test": "echo \"Error: no test specified\" && exit 1"
    },
    "repository": {
      "type": "git",
      "url": "git+https://github.com/synonymdev/react-native-lightning.git",
      "baseUrl": "https://github.com/synonymdev/react-native-lightning"
    },
    "keywords": [
      "react-native"
    ],
    "author": {
      "name": "synonymdev",
      "email": "jason@synonym.to"
    },
    "license": "MIT",
    "licenseFilename": "LICENSE",
    "readmeFilename": "README.md",
    "peerDependencies": {
      "react": "^16.8.1",
      "react-native": ">=0.60.0-rc.0 <1.0.x"
    },
    "devDependencies": {
      "@types/react-native": "0.62.13",
      "@typescript-eslint/eslint-plugin": "3.3.0",
      "@typescript-eslint/parser": "3.3.0",
      "eslint": "7.3.0",
      "eslint-config-prettier": "6.11.0",
      "eslint-config-standard-with-typescript": "18.0.2",
      "eslint-plugin-import": "2.21.2",
      "eslint-plugin-no-null": "1.0.2",
      "eslint-plugin-node": "11.1.0",
      "eslint-plugin-prettier": "3.1.4",
      "eslint-plugin-promise": "4.2.1",
      "eslint-plugin-standard": "4.0.1",
      "prettier": "2.0.5",
      "react": "^16.9.0",
      "typescript": "3.9.5",
    }
  }

yarn manifest: 
  No manifest

Lockfile: 
  # THIS IS AN AUTOGENERATED FILE. DO NOT EDIT THIS FILE DIRECTLY.
  # yarn lockfile v1
  
  
  "js-tokens@^3.0.0 || ^4.0.0":
    version "4.0.0"
    resolved "https://registry.yarnpkg.com/js-tokens/-/js-tokens-4.0.0.tgz#19203fb59991df98e3a287050d4647cdeaf32499"
    integrity sha512-RdJUflcE3cUzKiMqQgsCu06FPu9UdIJO0beYbPhHN4k6apgJtifcoCtT9bcxOpYBtpD2kCM6Sbzg4CausW/PKQ==
  
  loose-envify@^1.1.0, loose-envify@^1.4.0:
    version "1.4.0"
    resolved "https://registry.yarnpkg.com/loose-envify/-/loose-envify-1.4.0.tgz#71ee51fa7be4caec1a63839f7e682d8132d30caf"
    integrity sha512-lyuxPGr/Wfhrlem2CL/UcnUc1zcqKAImBDzukY7Y5F/yQiNdko6+fRLevlw1HgMySw7f611UIY408EtxRSoK3Q==
    dependencies:
      js-tokens "^3.0.0 || ^4.0.0"
  
  object-assign@^4.1.1:
    version "4.1.1"
    resolved "https://registry.yarnpkg.com/object-assign/-/object-assign-4.1.1.tgz#2109adc7965887cfc05cbbd442cac8bfbb360863"
    integrity sha1-IQmtx5ZYh8/AXLvUQsrIv7s2CGM=
  
  prop-types@^15.6.2:
    version "15.7.2"
    resolved "https://registry.yarnpkg.com/prop-types/-/prop-types-15.7.2.tgz#52c41e75b8c87e72b9d9360e0206b99dcbffa6c5"
    integrity sha512-8QQikdH7//R2vurIJSutZ1smHYTcLpRWEOlHnzcWHmBYrOGUysKwSsrC89BCiFj3CbrfJ/nXFdJepOVrY1GCHQ==
    dependencies:
      loose-envify "^1.4.0"
      object-assign "^4.1.1"
      react-is "^16.8.1"
  
  react-is@^16.8.1:
    version "16.13.1"
    resolved "https://registry.yarnpkg.com/react-is/-/react-is-16.13.1.tgz#789729a4dc36de2999dc156dd6c1d9c18cea56a4"
    integrity sha512-24e6ynE2H+OKt4kqsOvNd8kBpV65zoxbA4BVsEOB3ARVWQki/DHzaUoC5KuON/BiccDaCCTZBuOcfZs70kR8bQ==
  
  react@^16.9.0:
    version "16.14.0"
    resolved "https://registry.yarnpkg.com/react/-/react-16.14.0.tgz#94d776ddd0aaa37da3eda8fc5b6b18a4c9a3114d"
    integrity sha512-0X2CImDkJGApiAlcf0ODKIneSwBPhqJawOa5wCtKbu7ZECrmS26NvtSILynQ66cgkT/RJ4LidJOc3bUESwmU8g==
    dependencies:
      loose-envify "^1.1.0"
      object-assign "^4.1.1"
      prop-types "^15.6.2"
